3349tt
xiang-chu-shang-wu-40
jiu-bu-shuo-jiang
xiao-di-zong-2
crla
jia-jia-74-54-7
wo-shi-zhen-de-ai-ni-liao-ji-ge
xu-yu-7-75
chen-hong-yu-3-95
xupenghuan
mei-mu-ru-hua-83-35
3349tt
xiang-chu-shang-wu-40
jiu-bu-shuo-jiang
crla
xiao-di-zong-2
jia-jia-74-54-7
wo-shi-zhen-de-ai-ni-liao-ji-ge
xu-yu-7-75
chen-hong-yu-3-95
xupenghuan
mei-mu-ru-hua-83-35
3349tt
xiang-chu-shang-wu-40
jiu-bu-shuo-jiang
crla
xiao-di-zong-2
jia-jia-74-54-7
wo-shi-zhen-de-ai-ni-liao-ji-ge
xu-yu-7-75
chen-hong-yu-3-95
xupenghuan
mei-mu-ru-hua-83-35
lynn-80-56

lao-ma-10-89
lenkaaa
ai-wei-er-3-65
jian-xi-48-36
du-shi-wo-de-cai
chen-qi-69-43-69
shakila-35
tang-dou-dou-9-30
yi-shi-qin-36
eva-19-22-72
zhou-zhao-feng-38
li-jin-tao-67-82
zhao-ke-75-37
gao-yu-xi-24
jin-nian-er-shi-you-yi
liu-han-99
ceng-jing-you-ni-de-sen-lin
xing-shan-qiao-zhe-38
wan-feng-87-90
jinjideshaonian
wu-yao-wang-yc
wang-yu-lu-6-79
lilylyli-li
krystalf-24

chen-lang-huan
qing-chun-60-96
liu-zhi-35-1
dou-dou-niao-54
you-shi-san-ke
liu-85-93
antonish
gua-yan-3-75
yun-duo-84-40
chang-liao-21
li-li-27-42-91
xiao-gua-niu-pa-guo-da-sha-mo
wang-meng-yuan-74-79
xu-hui-59-18
xiao-feng-22-32
su-li-76-9
jun-zi-76-61
yu-qi-hua-4-50
monika-2-67
lucy-16-5
wu-jing-64-49-64
2didasxiao-feng-zi
kong-bai-67-19
gao-leng-xiao-dou-bi-95
lou-luo-18
you-yi-zhi-xiao-ju-zi
coco-47-34-69
bai-guo-2-24
kou-shi-xin-fei-30-98
xiao-bai-49-15-4
meng-wan-wan-7
long-huan-gai-sha-huang
kong-shang-ren
luo-ju-17
blurred-30
yu-shuo-63

fu-kua-xiao-jie-jie-89
qiu-min-36-47
hui-xin-14-20
zhi-wei-gang-98
zou-hui-ji-13
freya-29-99
dian-dian-14-27
wo-de-tian-20-85
air-52-85-40
liu-jia-wen-68-69
huang-ckang
zhang-wei-65-81
jungleglake
han-chu-dai
lai-zi-di-yu-de-tian-shi-46
yizhi-huo
yukiki-81-28
liu-an-chen
katherine-76-96
wei-wei-33-8-80
xian-nu-jie-jie-57
ha-ha-qi-66
you-meng-de-yang-zhu-shao-nu-qi
foz-33
lu-lu-55-1-66
zhi-xia-91-88
lxy-0227
ci-qu-jing-nian-25-54
you-zi-12-57-97
shui-yuan-wei-xi-zi
min-le-bu-yi-xin
sha-hu-hu-72-68
qing-cai-guai-58
tang-dou-40-22
tian-liang-hao-ge-qiu-68-47
he-bi-24-26-10
da-quan-er-10
pa-zai-bao-zi-xiong-qian-wan-dou-dou
yi-shan-yi-shan-liang-xing-xing-lonely
xing-hua-wei-yu-28-84

zhang-yu-shu-qing-97
zhui-xun-xing-fu-de-xiao-lan
liang-liang-23-36
liu-chang-12-80-83
jessica-97-49-59

duo-duo-45-22
maymaymay-48
kao-yan-de-xiao-zhu-zhu
77qi-qi-76
li-xin-yue-17-98
qing-shang-93-82-67
xiao-xiao-75-30-86
qing-you-28-64
lucienlu-sen
jiu-ren-bu-fu-26-40
ya-ya-mao
shi-man-ke-ya
lynn-7-72
che-xi-you
yo-yo-yo-23-56
chang-an-5-74-33
yimu-yimi-34
zhou-ke-wen-62-36
tian-yi-29-54
hao-yu-e-1
zhi-dao-69-96
shao-nu-yue-49
bestfc-42
jie-xi-75-33
hua-mao-de-yu-5
lana-eilish
yu-qi-55-69
tear-63-83
lu-ren-ding-64-9
ding-jie-28-34
mmmars-85
zhou-si-jia-52-78
yu-jin-ci-a-da
einsam-95
meng-wang-2117
di-tou-ni-nan-24
she-de-57-52
wang-bai-hua-54
su-qing-39-30
xue-xue-xue-17-84
cyt-23-78
zhao-a-ai-41
fan-qie-bao-bao-73
qing-qing-19-93
idyuhe621
zi-cang-5
jia-zhou-jin-ke-la
wu-fang-89-68
pancraschen
lmyu-15
stadi
asking-83
jing-jing-mu-zi-7
di-ping-hua-35
yao-jing-73-50
wo-you-ye-wang
jiang-guo-yu-jian-guo-9
manajiang-68
qin-jia-chen-17
xu-jing-han-39-16
chun-feng-chui-you-sheng-87
nuan-feng-chui-de-you-ren-zui
ke-xiao-hong-31
dong-ao-98-68
xu-fen-xia-87
wo-shi-wo-75-41
wshi-zi-wang-meng-meng-w
mu-yue-jun-xi-ruo-xi
he-fan-96-14
ha-ha-ha-93-96-21
bei-hai-dao-de-yuan-yuan-xia
chenwaiting
zxy99pw
schoolgirl1908
yu-jiang-47-70
me-me-ya-me-me-da
simoncoco
ni-liu-75-91
zhao-wen-52-86
wu-zhu-sheng-xin-22
zhu-er-chong-68-36-80
lyqfgxm
xiao-tu-dou-er-66
wo-qu-qian-mian-tan-tan-lu-01
zgl-60-42
wo-xiang-jian-fei-41
luo-wei-19-42-3
bei-zi-40-97
li-ying-xin-67-52
ye-xin-68-11
wang-wen-48-89-21
jie-zi-88-13

zhang-zi-hao-22-64
qiao-er-47
huang-ling-28-38
chen-shu-guang-41
yu-luo-zhi
tu-zi-mu-38
chen-xue-lian-94
shi-tou-90-85
wo-shi-xiao-rou-rou-41
kerry-12-72
zhu-wang-xian-yi-sheng-tui
jlf-36
lin-le-qing-65
wu-meng-meng-3-37
xiao-zhu-pei-qi-71-85
james-43-87
wan-mei-xia-da
xian-qin-shi-da-fu-33
peng-xiao-chi
ke-ai-de-xian-ren-zhang-12
piao-piao-de-du-dou
zhang-xiao-min-8-21
tian-xiao-er-2
mejune-32
haij-75
yuan-zhe-shang-gou-lyy
le-le-63-33-94
da-lian-mao-32-85-6
vivebear
guo-ming-54-48
avi-80
qie-ting-feng-yin-51-26
lin-lin-51-39
mu-zhi-36-86-74
yi-zhu-yi-si-yi-zhi-yuan
le-guan-de-a-yu
hua-kai-you-shi-21-92
an-jing-de-lu-ren-jia-40
ssun-48-89
062te-yue-jia-bin
deng-karma
gao-xiao-hui-79-76
liu-xin-yi-43-73-47
mao-mao-77-77-45
xiao-dai-tong-zhi
yuan-lai-83-1
song-guo-67-21
aphzhan-nan
mo-xie-la-duo-76
tao-xing-1-29
qiao-ke-li-jia-xin-dou
123456-85-55
aaa-5-21-50
yang-chen-bo-44
pu-ya-92
hao-xue-de-zhu-28
ling-xun-cang-hai-63
qing-jun-jun-71
ebmm
lavnls-liu
yeyeyeye-80-28
yan-zi-88-2-20
xiao-hei-76-9-70
bu-tu-bu-kuai-31-51
ban-xia-30-75
wo-ke-zhen-ke-ai
wang-xu-feng-22-57
ci-sheng-sheng-49
wang-cang-hai-8
si-shui-liu-nian-17-37
pai-ke-85
xiao-dong-dong-36-77
cha-cha-83-80-60
luoping-71
030407-22
lei-la-23-92
meng-xiang-jia-42-61
mai-zhong-tian-shi
lao-yu-79-49
a-chun-79-76
hun-dun-78
ni-de-qian-nu-you-4
xiao-xiao-wu-71-72
shi-yue-yue-a-41
shuang-mou-98-35-27
zhang-jia-xiao-ya-tou-87
hhhhhill
a-sang-84-38
gao-mei-yaha
luo-hui-56-56
shu-xie-52-3
xiao-tai-yang-cycy
gu-qiao-yan-56
nuo-yi-93
nearfun
sannybaby
li-xi-zan
wo-bu-da-san
lumina-58
qian-yang-23-76
yu-feng-zhe-25
yi-bu-xiao-xin-chi-liao-ni
jing-yan-19-97
jason-31-97-72
lly-44-32
yan-er-19-87-54
sun-jian-72-62
ni-cai-de-shang-di-87
you-kun-nan-bie-zhao-wo
tang-seng-rou-jie-jie
ren-mou-mou-33
yang-ge-34-49
lian-tong-d
tan-huan-meng-ke-jasmine
su-fei-72-48
yu-hai-55-7
tian-xin-12-17
dang-dang-dang-89-87
la-la-la-la-la-68-76
lattrel
si-mi-da-ke-ke-40
wwy-75-66
chen-ni-ma-41-53
ke-ji-62-79
memeda-25-17-99
xiao-yu-er-92-6-33
banana-59-26
he-shu-shu-63-50
xi-ma-la-ya-19-75
heng-ha-38-53
jiao-shui-shan
xiang-xiang-ri-kui-yiyang-can-lan
she-bu-de-de-bu-shi-ni
fa-wei-92-24
jaxine
zhao-bei-21-24
yitiao-xian-yu-92-92
feng-zhong-zhui-feng-17-84
sui-bian-lian-lian
kittycyrus
lluysion-91
li-xiang-52-16-46
dianaauyeung
vinsonjian
lyneed
xi-gua-50-4-58
xxx-49-30-72
yi-yun-kuang-quan-shui-14
tasvel
jiu-ge-32-26
sun-yu-jia-56-87
wang-mei-nu-74-2
zhang-qi-ling-14-4
shi-qi-qi-90-96
cheng-cheng-4-46-42
sen-nian-94
bao-jiang-60-13
t1mee
xiao-ban-sheng-64
wen-jian-wei-99
shan-shang-you-ke-shu-3
jean-50-14
yu-mian-fei-long-46
wo-jiu-shi-hen-tian-a

xiao-lin-zi-64-15-44
xing-zou-15-98
jeero
ju-bo-ju-pi
yi-xie-zhi-qiu-5-23-39
xing-xing-xiao-yao-99
li-ban-xian-hen-xian
li-ao-20-66
shu-ya-69-30
courage-9-62
hen-mou-xian-de-meng-90
nan-cha-gong-yuan
wan-zi-rou-yuan
nai-nai-sheng-21-50
ao-yue-37-51
cuo-guo-98-98
chen-tong-54-91
wu-yi-75-61
zheng-xiao-shan-76
zhouzhongshu
qing-qiu-yi-shi-ji-xu
liu-hua-8-54
gou-mao-de-huang-mao-mo-gu
huo-hua-san-han
yi-juan-wei-jin
vivid-86-62
lin-cen-67-55
ran-rraranrraranran
dian-dian-88-10
qian-bai-du-87-35
li-ge-de-xiao-ke-ai
jing-luo-75-90
mie-mie-14-60
ying-yi-wo
jiu-xiang-tan-ge-lian-ai-36
shen-hai-de-yu-73
hello-25-15
leilei-82-38
alen-29-36
qie-ting-feng-yin-60-45
li-guan-ming-83
big--wang
zhu-hong-yi-30-63
zi-yu-40-30
da-bai-de-lin-ju
xiang-yang-65-98
zhang-lei-40-25
sisuer-72-22
sun-he-95
bu-sheng-si-li-jie-chang-qing-ge-74
zhou-ya-xiong-94
xiao-mi-feng-joanna
nong-wan-san-sheng
lea92bb
mi-yolk
tang-shen-jun-46
ming-bei-you-zi-nan-gui
sui-sui-35-22
yang-guang-11-49
ou-bi-shu
a-li-li-62-81
xie-meng-xing-chen
dxue-j
wx971ae9938b89798a
xiao-qi-e-68-84
koreanallbitches
gu-xiang-de-wu-er-gou
wo-you-bu-luan-lai-60-5
liveovo
liu-yang-9-57-93
fire-thunder
holapenny
bao-yuhan
zhao-zhi-long-54-51
levinjie2019
tai-yang-27-46-19
xue-hai-wu-ya-71-96
miao-da-wang-92
yun-shang-3-30
wu-qing-zhi-jia-dao
ya-tou-33-96-70
xu-dong-zhu-5-30
xiao-ming-bu-shi-tong-xue-25
duo-yun-zhuan-lei
xian-dan-chao-teng-23
zou-bu-chu-de-hui-yi-84
qi-li-91-7
wen-zhe-jiu-99
ren-jian-shi-zong
xi-zi-lao-liu-49
au-mi-dng-80
da-hua-hua-hua-54
wo-shi-ceng-da-shuai-shuai-shuai-shuai

li-hai-chen-33
shi-yao-du-bu-zhi-dao-68-22
victoria-99-98
gal-10
shi-ni-de-yi-han-yu-wo-wu-guan
gun-ba-qu
ping-guo-zhu-yi-98
yiduo-xiao-ju-hua-68
chen-qiu-ting-83-5
wu-ming-23-32-99
li-xu-tong-41
qing-yan-gu-niang-14
hong-yan-cui-i
jinx-54-81
jie-yi-xi-30
cai-shu-xue-qian-xiao-xue-sheng
pang-ci-xia-17
mang-jiang-63
xiao-yan-35-40-88
shuai-qi-de-tao-tao-43
gan-lan-hen-hao-chi-7
gang-hao-yu-jian-ni-52-15
qi-zhu-kan-ri-chu-86-60
sss-72-13-62
a-lun-73-18
xiao-jie-rui-45-62
xian-yu-12-85
wongmeikei-62
han-guang-38-3
ye-heng-zhi
xiao-xiao-zhuang-58
sun-jian-lue-duo-zhe
tree-55-4
tian-yuan-feng-meng-li-ba-qiang
she-zhi-30-70
feng-tian-ren-jing
zhi-wu-bu-yan-82-81
bu-feng-mo-bu-cheng-huo-ya
zhou-jia-you-ge-xiao-wang-ba
yong-yuan-du-shi-xing-qi-ba-41
li-jia-hang-46
tu-zi-beng-da-da
all-51-57-79
nong-nong-nong-21
dong-ye-xue-shi
duo-hua-46
calabi-yau
lu-nuo-fei-luo-pa-tuo-er
zhi-zhi-wei-zhi-zhi-21-76
wx915aa603784bf490
xia-zhe-ge-19
daiyudai-yu
mao-mi-jiang-kok
gei-ni-fen-tou-chong-cao
wo-yao-ba-ni-mo-mo-mo-33
yi-qian-mi-57

ji-lu-bai-mao
xiao-ya-zi-42-70
hong-hong-43-45
20mompa
gua-gua-94-76
ni-de-yan-jiao-dai-xiao
bing-di-di-87
lin-xian-sheng-36-88
annie-52-51
a-mao-eva
zhu-peng-cheng-60
lang-62-62
li-zi-81-55-50
billy-40-43
stitch-8-31
qing-tian-13-19-84
bei-guan-de-le-guan-zhu-yi-zhe-24
yu-fei-69-81
li-meng-97-45-58
dong-da-ren-4-20
yi-tiao-li-yu-25
wilde-75
allyssa-45
qi-ni-32
jia-qian-27
hu-zou-zou-99
wang-yi-jia-7-19
ni-ke-hu-98
a-shen-87-28
jiang-dong-gui-shan
carry-52-87
shui-mian-bu-zu-47-64
li-min-ze-63
xie-zi-67-38-73
sun-hui-min-16-85
wen-zhong-dai-pi-70-58
hhh-9-50-99
ruo-xin-yi-jiu
la-la-20-52-78
ben-bo-gz
yin-chuan-rui-91
feng-hua-xue-yue-52-91
liu-zhao-lei-ye-re-ai
mrhu-86
jian-guo-10-58
lang-chu-xie
qi-shi-mei-shi-yao-36
lin-zi-shuo-ta-bu-lan
zhan-zai-yuan-chu-kan-tong-nian-57-13
zhao-shuo-99-22
sha-diao-wang-you-62
an-ya-94-95
luo-mu-mu-24
yan-zhi-da-biao-jie
pang-ye-28
sick-4
tttopllky
ta-hui-si-ma
cheng-cheng-10-44-20
ren-yong-44-23
yu-shu-26-70
che-41-11
ju-xiang-60
lu-ren-xin-20
yang-mu-33-25
gu-qiu-yue-84
xie-hang-81-66
jiang-jiang-9-8-84
yuan-a-yuan-a-yuan-15
liu-xian-sheng-35-58
li-xia-tian-1
yang-yi-18-3
niu-zong-75-28
da-ze-jian-ji-tian-xia-77
hu-da-zhuang-99
chenmengxuan521
lily-59-22-56
zhou-da-shuai-70-48
yi-bai-ling-yi-75
cao-da-jia-28
shuai-ban-74
qi-qi-40-14-85
perota
yan-xi-44-31
yu-ling-20-94
yu-zheng-36-56
nian-nian-80-59
dong-xiao-feng-72-66
xiang-feng-you-yuan
reason-91-16
li-mei-li-72-95
jorden.li
bin-bin-35-69
wei-yu-qing-cheng-15

cen-xiao-leng-11
jin-19-18-86
wang-yan-68-4-54
gong-cheng-shi-lai-lai-lai
harvey-55-39
kang-kang-ha-ni-62
fei-ying-xian-74
zhouj-72
akumatata-10
chen-yan-yu-19-42
yang-hao-yue-21
wang-jun-39-88
duo-fei-43-80
wan-feng-56-66
wang-wang-37-26-91
liu-sheng-99-22
hei-xin-gao-yang
hei-du-xiao-xiao-60
chang-jiang-duo-duo-10
yu-wu-qiu-30-33
he-ming-ren-yi-qi-chi-la-mian
wu-lian-64-75
qiu-qiu-30-43-33
libao-ni
po-zhi-rong
xiang-gu-53-60
leslie-18-25
ai-xue-xi-de-ni-ni-ni
hao-ji-kuai-er-fu-ji

liu-chuan-gen-8
zhang-hao-20-26
xiao-mo-gu-11-85
lin-kai-8-92
wadfj-26
pei-su-min
cheng-yi-xin-72
luo-dan-91-57
cheng-wing
wu-xue-65-20
ai-li-96-84
ba-di-75-71
qing-wan-23-57
zhu-meng-nan-76
ke-you-ke-wu-41-24
krhsher99
gui-shui-zhou
yu-wo-33-80
zhang-jing-62-99-16
dan-yuan-99-64
jing-ji-shi-hui-23
xiao-yuan-quan-71-31
ce-er-qing-ting-30-29
zhang-dong-wei-63-96
xiao-shen-ke-de-jiu-ma-68
wen-xing-84-39
tian-tian-16-44-91
xing-kun-62-28
cpu-62-54
mathilda-79-10
yi-zhi-bu-hui-you-yong-de-yu-97
du-shang-20-54
qing-li-11-45
xiao-fei-xia-28-83-81
qing-feng-ming-yue-50-50
yite3000
xie-ying-xue-85-82
ji-de-61-30
ni-ming-yong-hu-6-59-90
a-a-a-a-a-a-98-38
shi-shu-99-25
qing-tang-53-40
liang-mou-mou-53-30
da-da-32-19-83
he-zhi-xi-huan-20
lu-chao-19-15
mhx-54
ting-ting-21-29-35
bu-rui-lan-de-17
iridescentning
ma-qiu-yan-20-31
you-du-13-8
leng-ci-ding-lu-45
ping-ru-mei-tang-85-90
ha-ha-ha-ha-ha-37-10-30
slxpyyy
huang-jin-sheng-dou-shi-28
wang-er-shi-liu-mang
kao-ya-bu-hui-fei
yu-miao-36-88
xu-rui-41-22
byran-yang
li-li-li-5-2
liu-jin-58-48
yuan-de-yi-ren-xin-41-60
mi-fen-43-39
wei-zhi-zhe-11-46
jennipro
qing-lan-4-33
ling-ling-84-89
quan-shuo-shi-de-xiao-gen-ban

kai-shi-ting-ying-hou-lai-ying-ting
ruby-l-10
xiao-yu-91-66-22
you-you-ran-33-97
aka-aki
zhang-bei-bei-81-28
hai-82-70
han-ying-yan
wu-ming-shi-96-5
mo-su-88-7
a-ha-ha-zhang
yang-lao-shi-52-71
daymi
pin-jiu-12
tradeoffy44e3
che-dan-chao-fan-7
zyz-12-9
cuo-jue-68-40
wu-qu-117
shi-25-74
zhang-xiang-2-54-90
mmmmmtgg
22334455-41
you-he-lan
yao-yao-65-2-76
xing-er-shang-87
gui-lzui-hou-de-wen-rou
dong-ma-he-sha-44-88
xu-nan-37-67
ru-shi-wo-wen-14-35
fei-fei-ai-bao
xiao-xiao-hua-88-97
xiao-fei-dao-79
jing-liang-92
zheng-fa-li-87
zhi-orbu-zhi-36
su-wei-feng-73
bu-chi-sha-yu-54
ye-xu-1-12-46
shan-de-hai-zi-74
a-shuai-89-78
yang-xing-xing-70-36
wo-si-gu-wo-zai-64
gu-jia-gua-ren-qin-er-shi
wpp-94
wen-hua-fan-zi
qin-zhong-zong-24
da-ming-da-ming-da-ming
shi-yi-bu-ke-zai
duo-xue-xi-80-1
peng-shao-lin-50
pang-san-yue
bo-bo-fen-jiang
tang-jing-90-77
wang-yu-26-40-3
bei-duo-fen-de-yue-guang
yue-yin-kun
cheng-xian-sheng-7-62
fu-sheng-qian-quan-96
wang-39-46-27
mao-mao-chong-56-48-59
wen-juan-30-43
mu-jin-nian-93-18
yang-ding-ding-54
cui-zhen-5-47
ai-gua-yao-yao
zui-hou-yipian-luo-xie-34
yu-yong-72-17
fei-xu-2-20
tong-wei-4-72
ai-xiao-de-ren-yun-qi-bu-hui-chai-34-10
xue-xi-shi-wo-kuai-le-46-65
zero-67-53-88
wei-xiao-de-yu-72
zhu-qi-xian-20
shi-ying-ping-88
dong-zhi-men-bei
zhou-xiao-nuo-3
fiona-77-17-67
xiao-liu-67-67-83
ai-chang-ge-de-luo-li
gosickyu
lin-38-41
mu-zi-14-68
bei-guo-jiang-nan-chun
cai-da-88-68
qrh-6
shang-xian-94-48
henry-75-3-92
huang-yang-bo-97
li-bing-29-63
xiao-yin-69-64
zi-chuan-1-82
xiao-ming-76-23-46
fa-ge-hong-bao-bai-16
dou-fu-niu-nan-bao
yuan-yuan-67-24-18-5
ke-ke-35-63-69
liying-ying
ru-ruo-ji-yi-zhu
nan-feng-bu-nuan-89
qian-wang-tian-tang-you-mei-you-che
wo-chi-hun-tun-zhi-he-tang
xiao-xian-yu-64
xia-lin-84-8
yuan-baby-81
luyao-74

bi-bi-10-70
sui-yu-er-an-14-13-77
123-18-25-15
yuan-yin-zi
xi-dan-77
yuan-lai-shi-ni-32-29
xi-hong-shi-chao-dan-38-26
xiao-qiong-xiao-jie-jie
dong-yu-2-77-76
fang-fang-zheng-zheng-qi-qi-guai-guai
qing-qing-32-50-97
wei-mo-i
hang-hang-36-85
yi-sui-yi-ku-rong-79
mightbe-81
wo-de-xiao-zhu-bu-hui-pao
zhong-chi-chi-34
xie-ying-20-39
xie-yun-long-61-3
luo-xia-gu-mu-27
guinevere-98
embrace-36
yuan-yuan-35-94-90
bu-er-61-14
molxxx
chao-yue-21-60
ohxiao-ge
bai-chi-hen-chi-11
yu-men-de-zhe-er-mao-46
chun-chun-26-68
jsq-98
vvai-chi-rou-8
yi-ke-da-shu-79-79
zhou-yi-46-58
ye-xing-chen-41-31
ai-shou-zai-xi-yuan-qian
lao-zao-xiao-tang-yuan-10
guan-xi-gang-nan
nong-xin-40
tian-xian-xiao-er
guomoguomoluo
yang-xue-63-93
juno-92-59
xiao-hei-51-78
chen-chen-da-xian-nu
hua-sheng-mi-wei-tao-zi-jiang
ai-you-wei-wo-de-xiao-zu-zong-86
chritise
xiao-tian-tian-97-19
bai-chen-85-10
you-ji-zhan-zhuan-jia
yi-zhi-40-59
tong-hua-de-mei-95
san-ri-12-67
luo-suoa
bu-zhi-dao-43-90-7
zhou-xiao-tian-57
jiang-yu-han-53-65
yiyi-26-90-56
li-zhi-shou-dao-yi-bai-er

da-tu-tu-jia-de-xiao-bai-tu
james-55-45
rooftoppers
jing-luo-18-8-28
zhou-jie-lun-5-45
you-gu-shi-de-mei-shao-nu
ai-yu-67-88
start-52
xiong-ben-78
18856321605
cui-da-ye-15
du-xiao-sheng-84-19
zhao-hong-ji-39
zuo-an-25-31
ning-mei-25
lan-ling-7-61
rj-world
re-xie-wu-lai-86
lan-lan-2-56-29
mei-zi-71-82-81
da-tang-mo-dao-shou-80
guai-shou-shi-ge-xiao-ke-ai-a
tian-la-lu-86-12
karen-18-98-48
xiao-lan-bao-bei-9
xiao-ruo-nan-108
charlie-96-86-12
li-ge-shou-27
gua-niu-da-da-22
hen-xiang-ni-de-ta
xie-lao-tou-43-75
wei-wei-33-6-24
zhong-qing-ping-shen-ya-65
ni-de-huo-xiang-ya
echo-76-38
xian-yu-bu-an
qing-hong-78-12
yong-yigai-bian-suo-you
pwf666
wang-hu-suo-yi-60-71
felixxxx-xing
